2016-08-26 09:32:34,347 [Worker-1] INFO  c.g.t.t.d.PublishedGradleVersions - Gradle version information cache is not available. Remote download required.
2016-08-29 09:23:27,632 [Worker-1] INFO  c.g.t.t.d.PublishedGradleVersions - Gradle version information cache is out-of-date. Trying to update.
2016-08-29 09:25:06,172 [Worker-0] INFO  c.g.t.t.d.PublishedGradleVersions - Gradle version information cache is up-to-date. Trying to read.
2016-08-30 11:15:17,371 [Worker-3] INFO  c.g.t.t.d.PublishedGradleVersions - Gradle version information cache is out-of-date. Trying to update.
2016-08-30 11:17:27,756 [Worker-4] INFO  c.g.t.t.d.PublishedGradleVersions - Gradle version information cache is up-to-date. Trying to read.
2016-08-31 09:30:23,257 [Worker-0] INFO  c.g.t.t.d.PublishedGradleVersions - Gradle version information cache is up-to-date. Trying to read.
2016-08-31 09:30:59,895 [Worker-1] INFO  c.g.t.t.d.PublishedGradleVersions - Gradle version information cache is up-to-date. Trying to read.
2016-09-01 09:04:24,608 [Worker-0] INFO  c.g.t.t.d.PublishedGradleVersions - Gradle version information cache is out-of-date. Trying to update.
2016-09-07 11:17:39,292 [Thread-6] ERROR org.eclipse.jgit.util.FS - xcode-select: note: no developer tools were found at '/Applications/Xcode.app', requesting install. Choose an option in the dialog to download the command line developer tools.

2016-09-07 11:17:39,304 [Thread-7] ERROR org.eclipse.jgit.util.FS - xcode-select: note: no developer tools were found at '/Applications/Xcode.app', requesting install. Choose an option in the dialog to download the command line developer tools.

2016-09-07 11:17:41,680 [Worker-1] INFO  c.g.t.t.d.PublishedGradleVersions - Gradle version information cache is up-to-date. Trying to read.
2016-09-07 11:19:25,595 [Worker-2] INFO  c.g.t.t.d.PublishedGradleVersions - Gradle version information cache is up-to-date. Trying to read.
2016-09-07 11:19:26,564 [Thread-9] ERROR org.eclipse.jgit.util.FS - xcode-select: note: no developer tools were found at '/Applications/Xcode.app', requesting install. Choose an option in the dialog to download the command line developer tools.

2016-09-07 11:19:26,575 [Thread-10] ERROR org.eclipse.jgit.util.FS - xcode-select: note: no developer tools were found at '/Applications/Xcode.app', requesting install. Choose an option in the dialog to download the command line developer tools.

2016-09-12 09:06:22,541 [Worker-2] INFO  c.g.t.t.d.PublishedGradleVersions - Gradle version information cache is out-of-date. Trying to update.
2016-09-12 09:06:23,544 [Thread-9] ERROR org.eclipse.jgit.util.FS - xcode-select: note: no developer tools were found at '/Applications/Xcode.app', requesting install. Choose an option in the dialog to download the command line developer tools.

2016-09-12 09:06:23,554 [Thread-10] ERROR org.eclipse.jgit.util.FS - xcode-select: note: no developer tools were found at '/Applications/Xcode.app', requesting install. Choose an option in the dialog to download the command line developer tools.

2016-09-14 09:34:56,254 [Worker-3] INFO  c.g.t.t.d.PublishedGradleVersions - Gradle version information cache is out-of-date. Trying to update.
2016-09-14 09:34:57,195 [Thread-8] ERROR org.eclipse.jgit.util.FS - xcode-select: note: no developer tools were found at '/Applications/Xcode.app', requesting install. Choose an option in the dialog to download the command line developer tools.

2016-09-14 09:34:57,230 [Thread-9] ERROR org.eclipse.jgit.util.FS - xcode-select: note: no developer tools were found at '/Applications/Xcode.app', requesting install. Choose an option in the dialog to download the command line developer tools.

2016-09-14 22:40:06,286 [Thread-8] ERROR org.eclipse.jgit.util.FS - xcode-select: note: no developer tools were found at '/Applications/Xcode.app', requesting install. Choose an option in the dialog to download the command line developer tools.

2016-09-14 22:40:06,300 [Thread-9] ERROR org.eclipse.jgit.util.FS - xcode-select: note: no developer tools were found at '/Applications/Xcode.app', requesting install. Choose an option in the dialog to download the command line developer tools.

2016-09-14 22:40:06,493 [Worker-2] INFO  c.g.t.t.d.PublishedGradleVersions - Gradle version information cache is up-to-date. Trying to read.
2016-09-15 08:59:18,665 [Worker-1] INFO  c.g.t.t.d.PublishedGradleVersions - Gradle version information cache is up-to-date. Trying to read.
2016-09-15 08:59:19,602 [Thread-8] ERROR org.eclipse.jgit.util.FS - xcode-select: note: no developer tools were found at '/Applications/Xcode.app', requesting install. Choose an option in the dialog to download the command line developer tools.

2016-09-15 08:59:19,638 [Thread-9] ERROR org.eclipse.jgit.util.FS - xcode-select: note: no developer tools were found at '/Applications/Xcode.app', requesting install. Choose an option in the dialog to download the command line developer tools.

2016-09-17 17:10:53,787 [Worker-0] INFO  c.g.t.t.d.PublishedGradleVersions - Gradle version information cache is out-of-date. Trying to update.
2016-09-17 17:10:55,183 [Thread-9] ERROR org.eclipse.jgit.util.FS - xcode-select: note: no developer tools were found at '/Applications/Xcode.app', requesting install. Choose an option in the dialog to download the command line developer tools.

2016-09-17 17:10:55,339 [Thread-10] ERROR org.eclipse.jgit.util.FS - xcode-select: note: no developer tools were found at '/Applications/Xcode.app', requesting install. Choose an option in the dialog to download the command line developer tools.

2016-09-17 19:29:37,830 [Worker-1] INFO  c.g.t.t.d.PublishedGradleVersions - Gradle version information cache is up-to-date. Trying to read.
2016-09-17 19:29:39,287 [Thread-9] ERROR org.eclipse.jgit.util.FS - xcode-select: note: no developer tools were found at '/Applications/Xcode.app', requesting install. Choose an option in the dialog to download the command line developer tools.

2016-09-17 19:29:39,454 [Thread-10] ERROR org.eclipse.jgit.util.FS - xcode-select: note: no developer tools were found at '/Applications/Xcode.app', requesting install. Choose an option in the dialog to download the command line developer tools.

2016-09-17 20:39:57,833 [Worker-2] INFO  c.g.t.t.d.PublishedGradleVersions - Gradle version information cache is up-to-date. Trying to read.
2016-09-17 20:39:57,918 [Thread-7] ERROR org.eclipse.jgit.util.FS - xcode-select: note: no developer tools were found at '/Applications/Xcode.app', requesting install. Choose an option in the dialog to download the command line developer tools.

2016-09-17 20:39:57,933 [Thread-8] ERROR org.eclipse.jgit.util.FS - xcode-select: note: no developer tools were found at '/Applications/Xcode.app', requesting install. Choose an option in the dialog to download the command line developer tools.

2016-09-20 23:11:23,064 [Worker-0] INFO  c.g.t.t.d.PublishedGradleVersions - Gradle version information cache is out-of-date. Trying to update.
2016-09-20 23:11:23,990 [Thread-8] ERROR org.eclipse.jgit.util.FS - xcode-select: note: no developer tools were found at '/Applications/Xcode.app', requesting install. Choose an option in the dialog to download the command line developer tools.

2016-09-20 23:11:24,046 [Thread-9] ERROR org.eclipse.jgit.util.FS - xcode-select: note: no developer tools were found at '/Applications/Xcode.app', requesting install. Choose an option in the dialog to download the command line developer tools.

2016-09-21 09:47:06,827 [Worker-1] INFO  c.g.t.t.d.PublishedGradleVersions - Gradle version information cache is up-to-date. Trying to read.
2016-09-21 09:47:08,072 [Thread-10] ERROR org.eclipse.jgit.util.FS - xcode-select: note: no developer tools were found at '/Applications/Xcode.app', requesting install. Choose an option in the dialog to download the command line developer tools.

2016-09-21 09:47:08,083 [Thread-11] ERROR org.eclipse.jgit.util.FS - xcode-select: note: no developer tools were found at '/Applications/Xcode.app', requesting install. Choose an option in the dialog to download the command line developer tools.

2016-09-29 09:19:23,064 [Worker-0] INFO  c.g.t.t.d.PublishedGradleVersions - Gradle version information cache is out-of-date. Trying to update.
2016-09-29 09:19:24,153 [Thread-9] ERROR org.eclipse.jgit.util.FS - xcode-select: note: no developer tools were found at '/Applications/Xcode.app', requesting install. Choose an option in the dialog to download the command line developer tools.

2016-09-29 09:19:24,187 [Thread-10] ERROR org.eclipse.jgit.util.FS - xcode-select: note: no developer tools were found at '/Applications/Xcode.app', requesting install. Choose an option in the dialog to download the command line developer tools.

2016-10-05 10:11:16,405 [Worker-1] INFO  c.g.t.t.d.PublishedGradleVersions - Gradle version information cache is out-of-date. Trying to update.
2016-10-05 10:11:17,734 [Thread-9] ERROR org.eclipse.jgit.util.FS - xcode-select: note: no developer tools were found at '/Applications/Xcode.app', requesting install. Choose an option in the dialog to download the command line developer tools.

2016-10-05 10:11:17,750 [Thread-10] ERROR org.eclipse.jgit.util.FS - xcode-select: note: no developer tools were found at '/Applications/Xcode.app', requesting install. Choose an option in the dialog to download the command line developer tools.

2016-10-10 15:21:18,323 [Worker-2] INFO  c.g.t.t.d.PublishedGradleVersions - Gradle version information cache is out-of-date. Trying to update.
2016-10-10 15:21:19,143 [Thread-9] ERROR org.eclipse.jgit.util.FS - xcode-select: note: no developer tools were found at '/Applications/Xcode.app', requesting install. Choose an option in the dialog to download the command line developer tools.

2016-10-10 15:21:19,157 [Thread-10] ERROR org.eclipse.jgit.util.FS - xcode-select: note: no developer tools were found at '/Applications/Xcode.app', requesting install. Choose an option in the dialog to download the command line developer tools.

2016-10-12 10:39:17,327 [Worker-1] INFO  c.g.t.t.d.PublishedGradleVersions - Gradle version information cache is out-of-date. Trying to update.
2016-10-12 10:39:18,306 [Thread-9] ERROR org.eclipse.jgit.util.FS - xcode-select: note: no developer tools were found at '/Applications/Xcode.app', requesting install. Choose an option in the dialog to download the command line developer tools.

2016-10-12 10:39:18,345 [Thread-10] ERROR org.eclipse.jgit.util.FS - xcode-select: note: no developer tools were found at '/Applications/Xcode.app', requesting install. Choose an option in the dialog to download the command line developer tools.

2016-10-27 09:00:04,132 [Worker-3] INFO  c.g.t.t.d.PublishedGradleVersions - Gradle version information cache is out-of-date. Trying to update.
2016-10-27 09:00:04,521 [Worker-3] INFO  c.g.t.t.d.PublishedGradleVersions - Updating Gradle version information cache failed. Using outdated cache.
2016-10-27 09:00:05,232 [Thread-9] ERROR org.eclipse.jgit.util.FS - xcode-select: note: no developer tools were found at '/Applications/Xcode.app', requesting install. Choose an option in the dialog to download the command line developer tools.

2016-10-27 09:00:05,240 [Thread-10] ERROR org.eclipse.jgit.util.FS - xcode-select: note: no developer tools were found at '/Applications/Xcode.app', requesting install. Choose an option in the dialog to download the command line developer tools.

2016-10-30 23:36:56,429 [Worker-2] INFO  c.g.t.t.d.PublishedGradleVersions - Gradle version information cache is out-of-date. Trying to update.
2016-10-30 23:37:00,384 [Thread-9] ERROR org.eclipse.jgit.util.FS - xcode-select: note: no developer tools were found at '/Applications/Xcode.app', requesting install. Choose an option in the dialog to download the command line developer tools.

2016-10-30 23:37:00,394 [Thread-10] ERROR org.eclipse.jgit.util.FS - xcode-select: note: no developer tools were found at '/Applications/Xcode.app', requesting install. Choose an option in the dialog to download the command line developer tools.

